error: uncaughtException: Invalid regular expression: missing /
C:\Users\User\source\repos\API\API\configuration\database.js:26
    }   */
         ^

SyntaxError: Invalid regular expression: missing /
    at Module._compile (internal/modules/cjs/loader.js:895:18)
    at Object.Module._extensions..js (internal/modules/cjs/loader.js:995:10)
    at Module.load (internal/modules/cjs/loader.js:815:32)
    at Function.Module._load (internal/modules/cjs/loader.js:727:14)
    at Module.require (internal/modules/cjs/loader.js:852:19)
    at require (internal/modules/cjs/helpers.js:74:18)
    at Object.<anonymous> (C:\Users\User\source\repos\API\API\configuration\app.js:13:14)
    at Module._compile (internal/modules/cjs/loader.js:959:30)
    at Object.Module._extensions..js (internal/modules/cjs/loader.js:995:10)
    at Module.load (internal/modules/cjs/loader.js:815:32) {"error":{},"stack":"C:\\Users\\User\\source\\repos\\API\\API\\configuration\\database.js:26\n    }   */\n         ^\n\nSyntaxError: Invalid regular expression: missing /\n    at Module._compile (internal/modules/cjs/loader.js:895:18)\n    at Object.Module._extensions..js (internal/modules/cjs/loader.js:995:10)\n    at Module.load (internal/modules/cjs/loader.js:815:32)\n    at Function.Module._load (internal/modules/cjs/loader.js:727:14)\n    at Module.require (internal/modules/cjs/loader.js:852:19)\n    at require (internal/modules/cjs/helpers.js:74:18)\n    at Object.<anonymous> (C:\\Users\\User\\source\\repos\\API\\API\\configuration\\app.js:13:14)\n    at Module._compile (internal/modules/cjs/loader.js:959:30)\n    at Object.Module._extensions..js (internal/modules/cjs/loader.js:995:10)\n    at Module.load (internal/modules/cjs/loader.js:815:32)","exception":true,"date":"Fri Jul 03 2020 02:19:02 GMT+0100 (British Summer Time)","process":{"pid":15736,"uid":null,"gid":null,"cwd":"C:\\Users\\User\\source\\repos\\API\\API","execPath":"C:\\Program Files\\nodejs\\node.exe","version":"v12.13.1","argv":["C:\\Program Files\\nodejs\\node.exe","C:\\Users\\User\\source\\repos\\API\\API\\server.js"],"memoryUsage":{"rss":142761984,"heapTotal":15204352,"heapUsed":8397744,"external":110179804}},"os":{"loadavg":[0,0,0],"uptime":404127},"trace":[{"column":18,"file":"internal/modules/cjs/loader.js","function":"Module._compile","line":895,"method":"_compile","native":false},{"column":10,"file":"internal/modules/cjs/loader.js","function":"Module._extensions..js","line":995,"method":".js","native":false},{"column":32,"file":"internal/modules/cjs/loader.js","function":"Module.load","line":815,"method":"load","native":false},{"column":14,"file":"internal/modules/cjs/loader.js","function":"Module._load","line":727,"method":"_load","native":false},{"column":19,"file":"internal/modules/cjs/loader.js","function":"Module.require","line":852,"method":"require","native":false},{"column":18,"file":"internal/modules/cjs/helpers.js","function":"require","line":74,"method":null,"native":false},{"column":14,"file":"C:\\Users\\User\\source\\repos\\API\\API\\configuration\\app.js","function":null,"line":13,"method":null,"native":false},{"column":30,"file":"internal/modules/cjs/loader.js","function":"Module._compile","line":959,"method":"_compile","native":false},{"column":10,"file":"internal/modules/cjs/loader.js","function":"Module._extensions..js","line":995,"method":".js","native":false},{"column":32,"file":"internal/modules/cjs/loader.js","function":"Module.load","line":815,"method":"load","native":false}]}
info: ::ffff:127.0.0.1 - - [03/Jul/2020:01:19:23 +0000] "POST /api/v1/user/token/+237655507592 HTTP/1.1" 404 171 "-" "PostmanRuntime/7.24.1"

error: uncaughtException: router.g is not a function
TypeError: router.g is not a function
    at Object.<anonymous> (C:\Users\User\source\repos\API\API\controllers\apis\user.js:16:8)
    at Module._compile (internal/modules/cjs/loader.js:959:30)
    at Object.Module._extensions..js (internal/modules/cjs/loader.js:995:10)
    at Module.load (internal/modules/cjs/loader.js:815:32)
    at Function.Module._load (internal/modules/cjs/loader.js:727:14)
    at Module.require (internal/modules/cjs/loader.js:852:19)
    at require (internal/modules/cjs/helpers.js:74:18)
    at Object.<anonymous> (C:\Users\User\source\repos\API\API\routes\apis\v1.js:3:24)
    at Module._compile (internal/modules/cjs/loader.js:959:30)
    at Object.Module._extensions..js (internal/modules/cjs/loader.js:995:10) {"error":{},"stack":"TypeError: router.g is not a function\n    at Object.<anonymous> (C:\\Users\\User\\source\\repos\\API\\API\\controllers\\apis\\user.js:16:8)\n    at Module._compile (internal/modules/cjs/loader.js:959:30)\n    at Object.Module._extensions..js (internal/modules/cjs/loader.js:995:10)\n    at Module.load (internal/modules/cjs/loader.js:815:32)\n    at Function.Module._load (internal/modules/cjs/loader.js:727:14)\n    at Module.require (internal/modules/cjs/loader.js:852:19)\n    at require (internal/modules/cjs/helpers.js:74:18)\n    at Object.<anonymous> (C:\\Users\\User\\source\\repos\\API\\API\\routes\\apis\\v1.js:3:24)\n    at Module._compile (internal/modules/cjs/loader.js:959:30)\n    at Object.Module._extensions..js (internal/modules/cjs/loader.js:995:10)","exception":true,"date":"Fri Jul 03 2020 02:19:39 GMT+0100 (British Summer Time)","process":{"pid":9764,"uid":null,"gid":null,"cwd":"C:\\Users\\User\\source\\repos\\API\\API","execPath":"C:\\Program Files\\nodejs\\node.exe","version":"v12.13.1","argv":["C:\\Program Files\\nodejs\\node.exe","C:\\Users\\User\\source\\repos\\API\\API\\server.js"],"memoryUsage":{"rss":145981440,"heapTotal":16777216,"heapUsed":9596888,"external":110288736}},"os":{"loadavg":[0,0,0],"uptime":404164},"trace":[{"column":8,"file":"C:\\Users\\User\\source\\repos\\API\\API\\controllers\\apis\\user.js","function":null,"line":16,"method":null,"native":false},{"column":30,"file":"internal/modules/cjs/loader.js","function":"Module._compile","line":959,"method":"_compile","native":false},{"column":10,"file":"internal/modules/cjs/loader.js","function":"Module._extensions..js","line":995,"method":".js","native":false},{"column":32,"file":"internal/modules/cjs/loader.js","function":"Module.load","line":815,"method":"load","native":false},{"column":14,"file":"internal/modules/cjs/loader.js","function":"Module._load","line":727,"method":"_load","native":false},{"column":19,"file":"internal/modules/cjs/loader.js","function":"Module.require","line":852,"method":"require","native":false},{"column":18,"file":"internal/modules/cjs/helpers.js","function":"require","line":74,"method":null,"native":false},{"column":24,"file":"C:\\Users\\User\\source\\repos\\API\\API\\routes\\apis\\v1.js","function":null,"line":3,"method":null,"native":false},{"column":30,"file":"internal/modules/cjs/loader.js","function":"Module._compile","line":959,"method":"_compile","native":false},{"column":10,"file":"internal/modules/cjs/loader.js","function":"Module._extensions..js","line":995,"method":".js","native":false}]}
info: ::ffff:127.0.0.1 - - [03/Jul/2020:01:19:46 +0000] "POST /api/v1/user/token/+237655507592 HTTP/1.1" 200 51 "-" "PostmanRuntime/7.24.1"

info: ::ffff:127.0.0.1 - - [03/Jul/2020:01:20:38 +0000] "POST /api/v1/user/token/+237655507592 HTTP/1.1" 200 51 "-" "PostmanRuntime/7.24.1"

error: uncaughtException: Invalid or unexpected token
C:\Users\User\source\repos\API\API\configuration\database.js:11
    /*     database: {
    ^^^^^^^^^^^^^^^^^^

SyntaxError: Invalid or unexpected token
    at Module._compile (internal/modules/cjs/loader.js:895:18)
    at Object.Module._extensions..js (internal/modules/cjs/loader.js:995:10)
    at Module.load (internal/modules/cjs/loader.js:815:32)
    at Function.Module._load (internal/modules/cjs/loader.js:727:14)
    at Module.require (internal/modules/cjs/loader.js:852:19)
    at require (internal/modules/cjs/helpers.js:74:18)
    at Object.<anonymous> (C:\Users\User\source\repos\API\API\configuration\app.js:13:14)
    at Module._compile (internal/modules/cjs/loader.js:959:30)
    at Object.Module._extensions..js (internal/modules/cjs/loader.js:995:10)
    at Module.load (internal/modules/cjs/loader.js:815:32) {"error":{},"stack":"C:\\Users\\User\\source\\repos\\API\\API\\configuration\\database.js:11\n    /*     database: {\n    ^^^^^^^^^^^^^^^^^^\n\nSyntaxError: Invalid or unexpected token\n    at Module._compile (internal/modules/cjs/loader.js:895:18)\n    at Object.Module._extensions..js (internal/modules/cjs/loader.js:995:10)\n    at Module.load (internal/modules/cjs/loader.js:815:32)\n    at Function.Module._load (internal/modules/cjs/loader.js:727:14)\n    at Module.require (internal/modules/cjs/loader.js:852:19)\n    at require (internal/modules/cjs/helpers.js:74:18)\n    at Object.<anonymous> (C:\\Users\\User\\source\\repos\\API\\API\\configuration\\app.js:13:14)\n    at Module._compile (internal/modules/cjs/loader.js:959:30)\n    at Object.Module._extensions..js (internal/modules/cjs/loader.js:995:10)\n    at Module.load (internal/modules/cjs/loader.js:815:32)","exception":true,"date":"Fri Jul 03 2020 02:20:53 GMT+0100 (British Summer Time)","process":{"pid":20124,"uid":null,"gid":null,"cwd":"C:\\Users\\User\\source\\repos\\API\\API","execPath":"C:\\Program Files\\nodejs\\node.exe","version":"v12.13.1","argv":["C:\\Program Files\\nodejs\\node.exe","C:\\Users\\User\\source\\repos\\API\\API\\server.js"],"memoryUsage":{"rss":142819328,"heapTotal":15204352,"heapUsed":8396192,"external":110179804}},"os":{"loadavg":[0,0,0],"uptime":404237},"trace":[{"column":18,"file":"internal/modules/cjs/loader.js","function":"Module._compile","line":895,"method":"_compile","native":false},{"column":10,"file":"internal/modules/cjs/loader.js","function":"Module._extensions..js","line":995,"method":".js","native":false},{"column":32,"file":"internal/modules/cjs/loader.js","function":"Module.load","line":815,"method":"load","native":false},{"column":14,"file":"internal/modules/cjs/loader.js","function":"Module._load","line":727,"method":"_load","native":false},{"column":19,"file":"internal/modules/cjs/loader.js","function":"Module.require","line":852,"method":"require","native":false},{"column":18,"file":"internal/modules/cjs/helpers.js","function":"require","line":74,"method":null,"native":false},{"column":14,"file":"C:\\Users\\User\\source\\repos\\API\\API\\configuration\\app.js","function":null,"line":13,"method":null,"native":false},{"column":30,"file":"internal/modules/cjs/loader.js","function":"Module._compile","line":959,"method":"_compile","native":false},{"column":10,"file":"internal/modules/cjs/loader.js","function":"Module._extensions..js","line":995,"method":".js","native":false},{"column":32,"file":"internal/modules/cjs/loader.js","function":"Module.load","line":815,"method":"load","native":false}]}
